<?xml version="1.0" encoding="UTF-8"?>
<!-- Generated by org.testng.reporters.JUnitReportReporter -->
<testsuite skipped="0" hostname="ip-172-31-32-176" name="com.simplilearn.tdd.test.TestLogin" tests="2" failures="0" timestamp="2021-06-14T08:32:44 UTC" time="0.007" errors="0">
  <testcase name="testLoginInValid" time="0.006" classname="com.simplilearn.tdd.test.TestLogin"/>
  <system-out/>
  <testcase name="testLoginValid" time="0.001" classname="com.simplilearn.tdd.test.TestLogin"/>
  <system-out/>
</testsuite> <!-- com.simplilearn.tdd.test.TestLogin -->
